[1, 2, 1]
[1, 2, 1]
[0, 1]

[0, 1]

[0, 1]

[]
[0, 1]

[0, 1]
[1, 2]
[0, 2]
[]
[]
[0, 1]
[1, 2]
[0, 2]
[0, 1]
[1, 2]
[0, 2]
TwoSum.java:8: error: cannot find symbol
[0, 1]
[1, 2]
[0, 2]
[0, 1]
[1, 2]
[0, 2]
Traceback (most recent call last):
Traceback (most recent call last):
[0, 1]
[0, 2]
[0, 1]
[1, 2]
[0, 2]
Command terminated by signal 11
Command terminated by signal 11
Command terminated by signal 11
Command terminated by signal 11
Command terminated by signal 11
Command terminated by signal 11
Command terminated by signal 11
[]
[0, 1]
[1, 2]
[0, 2]
[]
[0, 1]
[1, 2]
[0, 2]
[0, 1]
[1, 2]
[0, 2]
[]
[0, 1]
[1, 2]
[0, 2]
0
[]
[0, 1]
[1, 2]
[0, 2]
[]
[0, 1]
[1, 2]
[0, 2]
[]
hello
[0, 1]
[1, 2]
[0, 2]
[]
[]
[]
[0, 1]
[1, 2]
[0, 2]
hello
[0,1]
[1,2]
[0,2]
[]
max_subarray
File "/home/jdoodle.py", line 3
true
true
false
[]
[]
[]
[]
[]
[]
[]
[]
[]
hello
true
true
false
false
[]
two sum
is valid
max subarray
level order traversal
two sum
is valid
max subarray
level order traversal
[]
false
[0,1]
[1,2]
[0,2]
[0,1]
[1,2]
[0,2]
maximum subarray
false
Traceback (most recent call last):
level order traversal
[[3],[9,20],[15,7]]
[[1]]
[[1],[2,3],[4,5]]
0
level order traversal
[]
[]
[]
[]
two sum
Solution.java:5: error: not a statement
Solution.java:16: error: reached end of file while parsing
Solution.java:29: error: reached end of file while parsing
true
true
false
true
true
false
jdoodle.cpp: In function ‘bool isValid(std::string)’:
true
true
false
[]
[]
false
is valid
nayeem basha
nayeem
main.c: In function ‘maxSubArray’:
main.c: In function ‘maxSubArray’:
[]
[]
[]
[]
level order traversal
abb
xyyy
abbabbabb
aaaabccbccbcc
abb
xyyy
abbabbabb
aaaabccbccbcc
abb
xyyy
abbabbabb
aaaabccbccbcc




